2018-02-04 23:25:33.506  INFO 14400 --- [restartedMain] com.example.run.Demo2Application         : Starting Demo2Application on kenhome with PID 14400 (started by meikai in D:\Program Files (x86)\新建文件夹\demo-2)
2018-02-04 23:25:33.506  INFO 14400 --- [restartedMain] com.example.run.Demo2Application         : No active profile set, falling back to default profiles: default
2018-02-04 23:25:33.509  INFO 14400 --- [restartedMain] ationConfigEmbeddedWebApplicationContext : Refreshing org.springframework.boot.context.embedded.AnnotationConfigEmbeddedWebApplicationContext@e17c06e: startup date [Sun Feb 04 23:25:33 CST 2018]; root of context hierarchy
2018-02-04 23:25:33.805  INFO 14400 --- [restartedMain] .s.d.r.c.RepositoryConfigurationDelegate : Multiple Spring Data modules found, entering strict repository configuration mode!
2018-02-04 23:25:33.858  INFO 14400 --- [restartedMain] trationDelegate$BeanPostProcessorChecker : Bean 'org.springframework.transaction.annotation.ProxyTransactionManagementConfiguration' of type [org.springframework.transaction.annotation.ProxyTransactionManagementConfiguration$$EnhancerBySpringCGLIB$$a7d2ea63] is not eligible for getting processed by all BeanPostProcessors (for example: not eligible for auto-proxying)
2018-02-04 23:25:33.914  INFO 14400 --- [restartedMain] s.b.c.e.t.TomcatEmbeddedServletContainer : Tomcat initialized with port(s): 8080 (http)
2018-02-04 23:25:33.915  INFO 14400 --- [restartedMain] o.apache.catalina.core.StandardService   : Starting service [Tomcat]
2018-02-04 23:25:33.915  INFO 14400 --- [restartedMain] org.apache.catalina.core.StandardEngine  : Starting Servlet Engine: Apache Tomcat/8.5.27
2018-02-04 23:25:33.931  INFO 14400 --- [localhost-startStop-1] o.a.c.c.C.[Tomcat].[localhost].[/]       : Initializing Spring embedded WebApplicationContext
2018-02-04 23:25:33.932  INFO 14400 --- [localhost-startStop-1] o.s.web.context.ContextLoader            : Root WebApplicationContext: initialization completed in 423 ms
2018-02-04 23:25:33.967  INFO 14400 --- [localhost-startStop-1] o.s.b.w.servlet.ServletRegistrationBean  : Mapping servlet: 'dispatcherServlet' to [/]
2018-02-04 23:25:33.967  INFO 14400 --- [localhost-startStop-1] o.s.b.w.servlet.FilterRegistrationBean   : Mapping filter: 'characterEncodingFilter' to: [/*]
2018-02-04 23:25:33.967  INFO 14400 --- [localhost-startStop-1] o.s.b.w.servlet.FilterRegistrationBean   : Mapping filter: 'hiddenHttpMethodFilter' to: [/*]
2018-02-04 23:25:33.967  INFO 14400 --- [localhost-startStop-1] o.s.b.w.servlet.FilterRegistrationBean   : Mapping filter: 'httpPutFormContentFilter' to: [/*]
2018-02-04 23:25:33.967  INFO 14400 --- [localhost-startStop-1] o.s.b.w.servlet.FilterRegistrationBean   : Mapping filter: 'requestContextFilter' to: [/*]
2018-02-04 23:25:34.109  INFO 14400 --- [restartedMain] s.w.s.m.m.a.RequestMappingHandlerAdapter : Looking for @ControllerAdvice: org.springframework.boot.context.embedded.AnnotationConfigEmbeddedWebApplicationContext@e17c06e: startup date [Sun Feb 04 23:25:33 CST 2018]; root of context hierarchy
2018-02-04 23:25:34.118  INFO 14400 --- [restartedMain] s.w.s.m.m.a.RequestMappingHandlerMapping : Mapped "{[/hello]}" onto public java.lang.String com.example.controller.HelloWorldController.helloWorld()
2018-02-04 23:25:34.118  INFO 14400 --- [restartedMain] s.w.s.m.m.a.RequestMappingHandlerMapping : Mapped "{[/hello2]}" onto public java.lang.String com.example.controller.HelloWorldController.helloWorld2()
2018-02-04 23:25:34.119  INFO 14400 --- [restartedMain] s.w.s.m.m.a.RequestMappingHandlerMapping : Mapped "{[/error]}" onto public org.springframework.http.ResponseEntity<java.util.Map<java.lang.String, java.lang.Object>> org.springframework.boot.autoconfigure.web.BasicErrorController.error(javax.servlet.http.HttpServletRequest)
2018-02-04 23:25:34.120  INFO 14400 --- [restartedMain] s.w.s.m.m.a.RequestMappingHandlerMapping : Mapped "{[/error],produces=[text/html]}" onto public org.springframework.web.servlet.ModelAndView org.springframework.boot.autoconfigure.web.BasicErrorController.errorHtml(javax.servlet.http.HttpServletRequest,javax.servlet.http.HttpServletResponse)
2018-02-04 23:25:34.128  INFO 14400 --- [restartedMain] o.s.w.s.handler.SimpleUrlHandlerMapping  : Mapped URL path [/webjars/**] onto handler of type [class org.springframework.web.servlet.resource.ResourceHttpRequestHandler]
2018-02-04 23:25:34.128  INFO 14400 --- [restartedMain] o.s.w.s.handler.SimpleUrlHandlerMapping  : Mapped URL path [/**] onto handler of type [class org.springframework.web.servlet.resource.ResourceHttpRequestHandler]
2018-02-04 23:25:34.141  INFO 14400 --- [restartedMain] o.s.w.s.handler.SimpleUrlHandlerMapping  : Mapped URL path [/**/favicon.ico] onto handler of type [class org.springframework.web.servlet.resource.ResourceHttpRequestHandler]
2018-02-04 23:25:34.153  WARN 14400 --- [restartedMain] .t.AbstractTemplateResolverConfiguration : Cannot find template location: classpath:/templates/ (please add some templates or check your Thymeleaf configuration)
2018-02-04 23:25:34.228  INFO 14400 --- [restartedMain] o.s.b.d.a.OptionalLiveReloadServer       : LiveReload server is running on port 35729
2018-02-04 23:25:34.398  INFO 14400 --- [restartedMain] o.s.j.e.a.AnnotationMBeanExporter        : Registering beans for JMX exposure on startup
2018-02-04 23:25:34.399  INFO 14400 --- [restartedMain] o.s.j.e.a.AnnotationMBeanExporter        : Bean with name 'dataSource' has been autodetected for JMX exposure
2018-02-04 23:25:34.402  INFO 14400 --- [restartedMain] o.s.j.e.a.AnnotationMBeanExporter        : Located MBean 'dataSource': registering with JMX server as MBean [com.alibaba.druid.pool:name=dataSource,type=DruidDataSource]
2018-02-04 23:25:34.414  INFO 14400 --- [restartedMain] s.b.c.e.t.TomcatEmbeddedServletContainer : Tomcat started on port(s): 8080 (http)
2018-02-04 23:25:34.417  INFO 14400 --- [restartedMain] com.example.run.Demo2Application         : Started Demo2Application in 0.957 seconds (JVM running for 1943.012)
2018-02-04 23:26:51.813  INFO 14400 --- [RMI TCP Connection(2)-127.0.0.1] inMXBeanRegistrar$SpringApplicationAdmin : Application shutdown requested.
2018-02-04 23:26:51.813  INFO 14400 --- [RMI TCP Connection(2)-127.0.0.1] ationConfigEmbeddedWebApplicationContext : Closing org.springframework.boot.context.embedded.AnnotationConfigEmbeddedWebApplicationContext@e17c06e: startup date [Sun Feb 04 23:25:33 CST 2018]; root of context hierarchy
2018-02-04 23:26:51.815  INFO 14400 --- [RMI TCP Connection(2)-127.0.0.1] o.s.j.e.a.AnnotationMBeanExporter        : Unregistering JMX-exposed beans on shutdown
2018-02-04 23:26:51.816  INFO 14400 --- [RMI TCP Connection(2)-127.0.0.1] o.s.j.e.a.AnnotationMBeanExporter        : Unregistering JMX-exposed beans
